#
# A fatal error has been detected by the Java Runtime Environment:
#
#  EXCEPTION_ACCESS_VIOLATION (0xc0000005) at pc=0x00007fff68f46a36, pid=7228, tid=11292
#
# JRE version: Java(TM) SE Runtime Environment (9.0+11) (build 9.0.1+11)
# Java VM: Java HotSpot(TM) 64-Bit Server VM (9.0.1+11, mixed mode, tiered, compressed oops, g1 gc, windows-amd64)
# Problematic frame:
# C  [ig8icd64.dll+0x16a36]
#
# No core dump will be written. Minidumps are not enabled by default on client versions of Windows
#
# If you would like to submit a bug report, please visit:
#   http://bugreport.java.com/bugreport/crash.jsp
# The crash happened outside the Java Virtual Machine in native code.
# See problematic frame for where to report the bug.
#

---------------  S U M M A R Y ------------

Command Line: -javaagent:C:\Program Files\JetBrains\IntelliJ IDEA Community Edition 2017.2.1\lib\idea_rt.jar=54026:C:\Program Files\JetBrains\IntelliJ IDEA Community Edition 2017.2.1\bin -Dfile.encoding=UTF-8 display.Screen

Host: Intel(R) Core(TM) i7-5500U CPU @ 2.40GHz, 4 cores, 15G,  Windows 10 , 64 bit Build 15063 (10.0.15063.296)
Time: Thu Jan 11 10:22:20 2018 West-Europa (standaardtijd) elapsed time: 341 seconds (0d 0h 5m 41s)

---------------  T H R E A D  ---------------

Current thread (0x0000018e087d4000):  JavaThread "main" [_thread_in_native, id=11292, stack(0x0000003290c00000,0x0000003290d00000)]

Stack: [0x0000003290c00000,0x0000003290d00000],  sp=0x0000003290cfcad0,  free space=1010k
Native frames: (J=compiled Java code, j=interpreted, Vv=VM code, C=native code)
C  [ig8icd64.dll+0x16a36]
C  [ig8icd64.dll+0x281830]
C  [ig8icd64.dll+0x30b4d7]
C  [ig8icd64.dll+0x30b2f7]
C  [ig8icd64.dll+0x30ef83]
C  [ig8icd64.dll+0x30f2a4]
C  [ig8icd64.dll+0x30f434]
C  [ig8icd64.dll+0x30f8f1]
C  0x0000018e1c3b20cb

Java frames: (J=compiled Java code, j=interpreted, Vv=VM code)
J 884  org.lwjgl.opengl.GL11.nglDrawElements(IIIJ)V (0 bytes) @ 0x0000018e1c3b202e [0x0000018e1c3b1fe0+0x000000000000004e]
J 917 c2 display.Renderer.render(Lentities/Entity;Lshaders/StaticShader;)V (64 bytes) @ 0x0000018e1c3bbf58 [0x0000018e1c3bbb00+0x0000000000000458]
j  display.Screen.loop()V+219
j  display.Screen.run()V+5
j  display.Screen.main([Ljava/lang/String;)V+7
v  ~StubRoutines::call_stub

siginfo: EXCEPTION_ACCESS_VIOLATION (0xc0000005), writing address 0x0000018eb2184000


Register to memory mapping:

RIP=0x00007fff68f46a36 ig8icd64.dll
RAX=0x0000000000000000 is an unknown value
RBX=0x0000018e30f46a90 is an unknown value
RCX=0x0000018eb2184004 is an unknown value
RDX=0x00007fff69b0783c ig8icd64.dll
RSP=0x0000003290cfcad0 is pointing into the stack for thread: 0x0000018e087d4000
RBP=0x0000003290cfcc00 is pointing into the stack for thread: 0x0000018e087d4000
RSI=0x0000000000000000 is an unknown value
RDI=0x0000018e31515350 is an unknown value
R8 =0x000000000000000c is an unknown value
R9 =0x00007fff68f30000 ig8icd64.dll
R10=0x0000018e3151f4f0 is an unknown value
R11=0x0000018e31507150 is an unknown value
R12=0x0000018e30f46a90 is an unknown value
R13=0x0000000000000000 is an unknown value
R14=0x0000018e31545440 is an unknown value
R15=0x0000018e31515370 is an unknown value


Registers:
RAX=0x0000000000000000, RBX=0x0000018e30f46a90, RCX=0x0000018eb2184004, RDX=0x00007fff69b0783c
RSP=0x0000003290cfcad0, RBP=0x0000003290cfcc00, RSI=0x0000000000000000, RDI=0x0000018e31515350
R8 =0x000000000000000c, R9 =0x00007fff68f30000, R10=0x0000018e3151f4f0, R11=0x0000018e31507150
R12=0x0000018e30f46a90, R13=0x0000000000000000, R14=0x0000018e31545440, R15=0x0000018e31515370
RIP=0x00007fff68f46a36, EFLAGS=0x0000000000010206

Top of Stack: (sp=0x0000003290cfcad0)
0x0000003290cfcad0:   0000000000000000 0000000000000000
0x0000003290cfcae0:   0000000000000000 0000000000000000
0x0000003290cfcaf0:   0000000000000000 00007fff691b1830
0x0000003290cfcb00:   0000000000000000 0000003290cfcc00
0x0000003290cfcb10:   0000018e315744c8 0000018e31507150
0x0000003290cfcb20:   0000018e00000000 0000018e0000002d
0x0000003290cfcb30:   0000018e00000000 0000003200000000
0x0000003290cfcb40:   0000018e31507c38 0000000000000000
0x0000003290cfcb50:   0000000000000000 0000000000000000
0x0000003290cfcb60:   0000018e30f46a90 0000003290cfcb10
0x0000003290cfcb70:   010000027a000004 0000000000000000
0x0000003290cfcb80:   0000000000000000 0000000000000000
0x0000003290cfcb90:   000000000000003e 0000018e30f45f50
0x0000003290cfcba0:   0000000000000344 0000000000000000
0x0000003290cfcbb0:   0000018e00000000 0000018e31777da0
0x0000003290cfcbc0:   0000018e315744c8 0000018e31515370 

Instructions: (pc=0x00007fff68f46a36)
0x00007fff68f46a16:   e8 02 48 ff c8 74 16 48 ff c8 74 0b 48 ff c8 75
0x00007fff68f46a26:   12 8b 42 f4 89 41 f4 8b 42 f8 89 41 f8 8b 42 fc
0x00007fff68f46a36:   89 41 fc 41 f6 c0 01 74 0f 0f b6 02 48 ff c1 49
0x00007fff68f46a46:   ff c8 88 41 ff 48 ff c2 41 f6 c0 02 74 06 0f b7 



---------------  P R O C E S S  ---------------

Java Threads: ( => current thread )
  0x0000018e311a4800 JavaThread "Service Thread" daemon [_thread_blocked, id=22448, stack(0x0000003292300000,0x0000003292400000)]
  0x0000018e31199800 JavaThread "Monitor Ctrl-Break" daemon [_thread_in_native, id=14464, stack(0x0000003292200000,0x0000003292300000)]
  0x0000018e30f44800 JavaThread "Common-Cleaner" daemon [_thread_blocked, id=9992, stack(0x0000003292100000,0x0000003292200000)]
  0x0000018e3054a000 JavaThread "Sweeper thread" daemon [_thread_blocked, id=10256, stack(0x0000003292000000,0x0000003292100000)]
  0x0000018e30549000 JavaThread "C1 CompilerThread2" daemon [_thread_blocked, id=17372, stack(0x0000003291f00000,0x0000003292000000)]
  0x0000018e30546000 JavaThread "C2 CompilerThread1" daemon [_thread_blocked, id=9604, stack(0x0000003291e00000,0x0000003291f00000)]
  0x0000018e30541000 JavaThread "C2 CompilerThread0" daemon [_thread_blocked, id=24944, stack(0x0000003291d00000,0x0000003291e00000)]
  0x0000018e30ea3000 JavaThread "Attach Listener" daemon [_thread_blocked, id=2956, stack(0x0000003291c00000,0x0000003291d00000)]
  0x0000018e30ea2800 JavaThread "Signal Dispatcher" daemon [_thread_blocked, id=12032, stack(0x0000003291b00000,0x0000003291c00000)]
  0x0000018e3052b000 JavaThread "Finalizer" daemon [_thread_blocked, id=9172, stack(0x0000003291a00000,0x0000003291b00000)]
  0x0000018e30529800 JavaThread "Reference Handler" daemon [_thread_blocked, id=2928, stack(0x0000003291900000,0x0000003291a00000)]
=>0x0000018e087d4000 JavaThread "main" [_thread_in_native, id=11292, stack(0x0000003290c00000,0x0000003290d00000)]

Other Threads:
  0x0000018e30523800 VMThread "VM Thread" [stack: 0x0000003291800000,0x0000003291900000] [id=1568]
  0x0000018e311a8000 WatcherThread [stack: 0x0000003292400000,0x0000003292500000] [id=25436]
  0x0000018e087e9000 GCTaskThread "GC Thread#0" [stack: 0x0000003290d00000,0x0000003290e00000] [id=19336]
  0x0000018e087ea800 GCTaskThread "GC Thread#1" [stack: 0x0000003290e00000,0x0000003290f00000] [id=19784]
  0x0000018e087ec000 GCTaskThread "GC Thread#2" [stack: 0x0000003290f00000,0x0000003291000000] [id=19016]
  0x0000018e087ee800 GCTaskThread "GC Thread#3" [stack: 0x0000003291000000,0x0000003291100000] [id=22556]
  0x0000018e08852000 ConcurrentGCThread "G1 Main Marker" [stack: 0x0000003291600000,0x0000003291700000] [id=5384]
  0x0000018e08852800 ConcurrentGCThread "G1 Marker#0" [stack: 0x0000003291700000,0x0000003291800000] [id=15376]
  0x0000018e08804800 ConcurrentGCThread "G1 Refine#0" [stack: 0x0000003291400000,0x0000003291500000] [id=9556]
  0x0000018e08803800 ConcurrentGCThread "G1 Refine#1" [stack: 0x0000003291300000,0x0000003291400000] [id=22148]
  0x0000018e087fa000 ConcurrentGCThread "G1 Refine#2" [stack: 0x0000003291200000,0x0000003291300000] [id=15492]
  0x0000018e087f2800 ConcurrentGCThread "G1 Refine#3" [stack: 0x0000003291100000,0x0000003291200000] [id=19884]
  0x0000018e08805000 ConcurrentGCThread "G1 Young RemSet Sampling" [stack: 0x0000003291500000,0x0000003291600000] [id=12984]

Threads with active compile tasks:

VM state:not at safepoint (normal execution)

VM Mutex/Monitor currently owned by a thread: None

Heap address: 0x00000006c1e00000, size: 4066 MB, Compressed Oops mode: Zero based, Oop shift amount: 3
Narrow klass base: 0x0000000000000000, Narrow klass shift: 3
Compressed class space size: 1073741824 Address: 0x00000007c0000000

Heap:
 garbage-first heap   total 262144K, used 17746K [0x00000006c1e00000, 0x00000006c1f00800, 0x00000007c0000000)
  region size 1024K, 17 young (17408K), 2 survivors (2048K)
 Metaspace       used 11433K, capacity 11633K, committed 12032K, reserved 1060864K
  class space    used 879K, capacity 936K, committed 1024K, reserved 1048576K
Heap Regions: E=young(eden), S=young(survivor), O=old, HS=humongous(starts), HC=humongous(continues), CS=collection set, F=free, A=archive, TS=gc time stamp, AC=allocation context, TAMS=top-at-mark-start (previous, next)
|   0|0x00000006c1e00000, 0x00000006c1f00000, 0x00000006c1f00000|100%| O|  |TS  1|AC  0|TAMS 0x00000006c1e00000, 0x00000006c1e00000|
|   1|0x00000006c1f00000, 0x00000006c1f54800, 0x00000006c2000000| 33%| O|  |TS  1|AC  0|TAMS 0x00000006c1f00000, 0x00000006c1f00000|
|   2|0x00000006c2000000, 0x00000006c2000000, 0x00000006c2100000|  0%| F|  |TS  0|AC  0|TAMS 0x00000006c2000000, 0x00000006c2000000|
|   3|0x00000006c2100000, 0x00000006c2100000, 0x00000006c2200000|  0%| F|  |TS  0|AC  0|TAMS 0x00000006c2100000, 0x00000006c2100000|
|   4|0x00000006c2200000, 0x00000006c2200000, 0x00000006c2300000|  0%| F|  |TS  0|AC  0|TAMS 0x00000006c2200000, 0x00000006c2200000|
|   5|0x00000006c2300000, 0x00000006c2300000, 0x00000006c2400000|  0%| F|  |TS  0|AC  0|TAMS 0x00000006c2300000, 0x00000006c2300000|
|   6|0x00000006c2400000, 0x00000006c2400000, 0x00000006c2500000|  0%| F|  |TS  0|AC  0|TAMS 0x00000006c2400000, 0x00000006c2400000|
|   7|0x00000006c2500000, 0x00000006c2500000, 0x00000006c2600000|  0%| F|  |TS  0|AC  0|TAMS 0x00000006c2500000, 0x00000006c2500000|
|   8|0x00000006c2600000, 0x00000006c2600000, 0x00000006c2700000|  0%| F|  |TS  0|AC  0|TAMS 0x00000006c2600000, 0x00000006c2600000|
|   9|0x00000006c2700000, 0x00000006c2700000, 0x00000006c2800000|  0%| F|  |TS  0|AC  0|TAMS 0x00000006c2700000, 0x00000006c2700000|
|  10|0x00000006c2800000, 0x00000006c2800000, 0x00000006c2900000|  0%| F|  |TS  0|AC  0|TAMS 0x00000006c2800000, 0x00000006c2800000|
|  11|0x00000006c2900000, 0x00000006c2900000, 0x00000006c2a00000|  0%| F|  |TS  0|AC  0|TAMS 0x00000006c2900000, 0x00000006c2900000|
|  12|0x00000006c2a00000, 0x00000006c2a00000, 0x00000006c2b00000|  0%| F|  |TS  0|AC  0|TAMS 0x00000006c2a00000, 0x00000006c2a00000|
|  13|0x00000006c2b00000, 0x00000006c2b00000, 0x00000006c2c00000|  0%| F|  |TS  0|AC  0|TAMS 0x00000006c2b00000, 0x00000006c2b00000|
|  14|0x00000006c2c00000, 0x00000006c2c00000, 0x00000006c2d00000|  0%| F|  |TS  0|AC  0|TAMS 0x00000006c2c00000, 0x00000006c2c00000|
|  15|0x00000006c2d00000, 0x00000006c2d00000, 0x00000006c2e00000|  0%| F|  |TS  0|AC  0|TAMS 0x00000006c2d00000, 0x00000006c2d00000|
|  16|0x00000006c2e00000, 0x00000006c2e00000, 0x00000006c2f00000|  0%| F|  |TS  0|AC  0|TAMS 0x00000006c2e00000, 0x00000006c2e00000|
|  17|0x00000006c2f00000, 0x00000006c2f00000, 0x00000006c3000000|  0%| F|  |TS  0|AC  0|TAMS 0x00000006c2f00000, 0x00000006c2f00000|
|  18|0x00000006c3000000, 0x00000006c3000000, 0x00000006c3100000|  0%| F|  |TS  0|AC  0|TAMS 0x00000006c3000000, 0x00000006c3000000|
|  19|0x00000006c3100000, 0x00000006c3100000, 0x00000006c3200000|  0%| F|  |TS  0|AC  0|TAMS 0x00000006c3100000, 0x00000006c3100000|
|  20|0x00000006c3200000, 0x00000006c3200000, 0x00000006c3300000|  0%| F|  |TS  0|AC  0|TAMS 0x00000006c3200000, 0x00000006c3200000|
|  21|0x00000006c3300000, 0x00000006c3300000, 0x00000006c3400000|  0%| F|  |TS  0|AC  0|TAMS 0x00000006c3300000, 0x00000006c3300000|
|  22|0x00000006c3400000, 0x00000006c3400000, 0x00000006c3500000|  0%| F|  |TS  0|AC  0|TAMS 0x00000006c3400000, 0x00000006c3400000|
|  23|0x00000006c3500000, 0x00000006c3500000, 0x00000006c3600000|  0%| F|  |TS  0|AC  0|TAMS 0x00000006c3500000, 0x00000006c3500000|
|  24|0x00000006c3600000, 0x00000006c3600000, 0x00000006c3700000|  0%| F|  |TS  0|AC  0|TAMS 0x00000006c3600000, 0x00000006c3600000|
|  25|0x00000006c3700000, 0x00000006c3700000, 0x00000006c3800000|  0%| F|  |TS  0|AC  0|TAMS 0x00000006c3700000, 0x00000006c3700000|
|  26|0x00000006c3800000, 0x00000006c3800000, 0x00000006c3900000|  0%| F|  |TS  0|AC  0|TAMS 0x00000006c3800000, 0x00000006c3800000|
|  27|0x00000006c3900000, 0x00000006c3900000, 0x00000006c3a00000|  0%| F|  |TS  0|AC  0|TAMS 0x00000006c3900000, 0x00000006c3900000|
|  28|0x00000006c3a00000, 0x00000006c3a00000, 0x00000006c3b00000|  0%| F|  |TS  0|AC  0|TAMS 0x00000006c3a00000, 0x00000006c3a00000|
|  29|0x00000006c3b00000, 0x00000006c3b00000, 0x00000006c3c00000|  0%| F|  |TS  0|AC  0|TAMS 0x00000006c3b00000, 0x00000006c3b00000|
|  30|0x00000006c3c00000, 0x00000006c3c00000, 0x00000006c3d00000|  0%| F|  |TS  0|AC  0|TAMS 0x00000006c3c00000, 0x00000006c3c00000|
|  31|0x00000006c3d00000, 0x00000006c3d00000, 0x00000006c3e00000|  0%| F|  |TS  0|AC  0|TAMS 0x00000006c3d00000, 0x00000006c3d00000|
|  32|0x00000006c3e00000, 0x00000006c3e00000, 0x00000006c3f00000|  0%| F|  |TS  0|AC  0|TAMS 0x00000006c3e00000, 0x00000006c3e00000|
|  33|0x00000006c3f00000, 0x00000006c3f00000, 0x00000006c4000000|  0%| F|  |TS  0|AC  0|TAMS 0x00000006c3f00000, 0x00000006c3f00000|
|  34|0x00000006c4000000, 0x00000006c4000000, 0x00000006c4100000|  0%| F|  |TS  0|AC  0|TAMS 0x00000006c4000000, 0x00000006c4000000|
|  35|0x00000006c4100000, 0x00000006c4100000, 0x00000006c4200000|  0%| F|  |TS  0|AC  0|TAMS 0x00000006c4100000, 0x00000006c4100000|
|  36|0x00000006c4200000, 0x00000006c4200000, 0x00000006c4300000|  0%| F|  |TS  0|AC  0|TAMS 0x00000006c4200000, 0x00000006c4200000|
|  37|0x00000006c4300000, 0x00000006c4300000, 0x00000006c4400000|  0%| F|  |TS  0|AC  0|TAMS 0x00000006c4300000, 0x00000006c4300000|
|  38|0x00000006c4400000, 0x00000006c4400000, 0x00000006c4500000|  0%| F|  |TS  0|AC  0|TAMS 0x00000006c4400000, 0x00000006c4400000|
|  39|0x00000006c4500000, 0x00000006c4500000, 0x00000006c4600000|  0%| F|  |TS  0|AC  0|TAMS 0x00000006c4500000, 0x00000006c4500000|
|  40|0x00000006c4600000, 0x00000006c4600000, 0x00000006c4700000|  0%| F|  |TS  0|AC  0|TAMS 0x00000006c4600000, 0x00000006c4600000|
|  41|0x00000006c4700000, 0x00000006c4700000, 0x00000006c4800000|  0%| F|  |TS  0|AC  0|TAMS 0x00000006c4700000, 0x00000006c4700000|
|  42|0x00000006c4800000, 0x00000006c4800000, 0x00000006c4900000|  0%| F|  |TS  0|AC  0|TAMS 0x00000006c4800000, 0x00000006c4800000|
|  43|0x00000006c4900000, 0x00000006c4900000, 0x00000006c4a00000|  0%| F|  |TS  0|AC  0|TAMS 0x00000006c4900000, 0x00000006c4900000|
|  44|0x00000006c4a00000, 0x00000006c4a00000, 0x00000006c4b00000|  0%| F|  |TS  0|AC  0|TAMS 0x00000006c4a00000, 0x00000006c4a00000|
|  45|0x00000006c4b00000, 0x00000006c4b00000, 0x00000006c4c00000|  0%| F|  |TS  0|AC  0|TAMS 0x00000006c4b00000, 0x00000006c4b00000|
|  46|0x00000006c4c00000, 0x00000006c4c00000, 0x00000006c4d00000|  0%| F|  |TS  0|AC  0|TAMS 0x00000006c4c00000, 0x00000006c4c00000|
|  47|0x00000006c4d00000, 0x00000006c4d00000, 0x00000006c4e00000|  0%| F|  |TS  0|AC  0|TAMS 0x00000006c4d00000, 0x00000006c4d00000|
|  48|0x00000006c4e00000, 0x00000006c4e00000, 0x00000006c4f00000|  0%| F|  |TS  0|AC  0|TAMS 0x00000006c4e00000, 0x00000006c4e00000|
|  49|0x00000006c4f00000, 0x00000006c4f00000, 0x00000006c5000000|  0%| F|  |TS  0|AC  0|TAMS 0x00000006c4f00000, 0x00000006c4f00000|
|  50|0x00000006c5000000, 0x00000006c5000000, 0x00000006c5100000|  0%| F|  |TS  0|AC  0|TAMS 0x00000006c5000000, 0x00000006c5000000|
|  51|0x00000006c5100000, 0x00000006c5100000, 0x00000006c5200000|  0%| F|  |TS  0|AC  0|TAMS 0x00000006c5100000, 0x00000006c5100000|
|  52|0x00000006c5200000, 0x00000006c5200000, 0x00000006c5300000|  0%| F|  |TS  0|AC  0|TAMS 0x00000006c5200000, 0x00000006c5200000|
|  53|0x00000006c5300000, 0x00000006c5300000, 0x00000006c5400000|  0%| F|  |TS  0|AC  0|TAMS 0x00000006c5300000, 0x00000006c5300000|
|  54|0x00000006c5400000, 0x00000006c5400000, 0x00000006c5500000|  0%| F|  |TS  0|AC  0|TAMS 0x00000006c5400000, 0x00000006c5400000|
|  55|0x00000006c5500000, 0x00000006c5500000, 0x00000006c5600000|  0%| F|  |TS  0|AC  0|TAMS 0x00000006c5500000, 0x00000006c5500000|
|  56|0x00000006c5600000, 0x00000006c5600000, 0x00000006c5700000|  0%| F|  |TS  0|AC  0|TAMS 0x00000006c5600000, 0x00000006c5600000|
|  57|0x00000006c5700000, 0x00000006c5700000, 0x00000006c5800000|  0%| F|  |TS  0|AC  0|TAMS 0x00000006c5700000, 0x00000006c5700000|
|  58|0x00000006c5800000, 0x00000006c5800000, 0x00000006c5900000|  0%| F|  |TS  0|AC  0|TAMS 0x00000006c5800000, 0x00000006c5800000|
|  59|0x00000006c5900000, 0x00000006c5900000, 0x00000006c5a00000|  0%| F|  |TS  0|AC  0|TAMS 0x00000006c5900000, 0x00000006c5900000|
|  60|0x00000006c5a00000, 0x00000006c5a00000, 0x00000006c5b00000|  0%| F|  |TS  0|AC  0|TAMS 0x00000006c5a00000, 0x00000006c5a00000|
|  61|0x00000006c5b00000, 0x00000006c5b00000, 0x00000006c5c00000|  0%| F|  |TS  0|AC  0|TAMS 0x00000006c5b00000, 0x00000006c5b00000|
|  62|0x00000006c5c00000, 0x00000006c5c00000, 0x00000006c5d00000|  0%| F|  |TS  0|AC  0|TAMS 0x00000006c5c00000, 0x00000006c5c00000|
|  63|0x00000006c5d00000, 0x00000006c5d00000, 0x00000006c5e00000|  0%| F|  |TS  0|AC  0|TAMS 0x00000006c5d00000, 0x00000006c5d00000|
|  64|0x00000006c5e00000, 0x00000006c5e00000, 0x00000006c5f00000|  0%| F|  |TS  0|AC  0|TAMS 0x00000006c5e00000, 0x00000006c5e00000|
|  65|0x00000006c5f00000, 0x00000006c5f00000, 0x00000006c6000000|  0%| F|  |TS  0|AC  0|TAMS 0x00000006c5f00000, 0x00000006c5f00000|
|  66|0x00000006c6000000, 0x00000006c6000000, 0x00000006c6100000|  0%| F|  |TS  0|AC  0|TAMS 0x00000006c6000000, 0x00000006c6000000|
|  67|0x00000006c6100000, 0x00000006c6100000, 0x00000006c6200000|  0%| F|  |TS  0|AC  0|TAMS 0x00000006c6100000, 0x00000006c6100000|
|  68|0x00000006c6200000, 0x00000006c6200000, 0x00000006c6300000|  0%| F|  |TS  0|AC  0|TAMS 0x00000006c6200000, 0x00000006c6200000|
|  69|0x00000006c6300000, 0x00000006c6300000, 0x00000006c6400000|  0%| F|  |TS  0|AC  0|TAMS 0x00000006c6300000, 0x00000006c6300000|
|  70|0x00000006c6400000, 0x00000006c6400000, 0x00000006c6500000|  0%| F|  |TS  0|AC  0|TAMS 0x00000006c6400000, 0x00000006c6400000|
|  71|0x00000006c6500000, 0x00000006c6500000, 0x00000006c6600000|  0%| F|  |TS  0|AC  0|TAMS 0x00000006c6500000, 0x00000006c6500000|
|  72|0x00000006c6600000, 0x00000006c6600000, 0x00000006c6700000|  0%| F|  |TS  0|AC  0|TAMS 0x00000006c6600000, 0x00000006c6600000|
|  73|0x00000006c6700000, 0x00000006c6700000, 0x00000006c6800000|  0%| F|  |TS  0|AC  0|TAMS 0x00000006c6700000, 0x00000006c6700000|
|  74|0x00000006c6800000, 0x00000006c6800000, 0x00000006c6900000|  0%| F|  |TS  0|AC  0|TAMS 0x00000006c6800000, 0x00000006c6800000|
|  75|0x00000006c6900000, 0x00000006c6900000, 0x00000006c6a00000|  0%| F|  |TS  0|AC  0|TAMS 0x00000006c6900000, 0x00000006c6900000|
|  76|0x00000006c6a00000, 0x00000006c6a00000, 0x00000006c6b00000|  0%| F|  |TS  0|AC  0|TAMS 0x00000006c6a00000, 0x00000006c6a00000|
|  77|0x00000006c6b00000, 0x00000006c6b00000, 0x00000006c6c00000|  0%| F|  |TS  0|AC  0|TAMS 0x00000006c6b00000, 0x00000006c6b00000|
|  78|0x00000006c6c00000, 0x00000006c6c00000, 0x00000006c6d00000|  0%| F|  |TS  0|AC  0|TAMS 0x00000006c6c00000, 0x00000006c6c00000|
|  79|0x00000006c6d00000, 0x00000006c6d00000, 0x00000006c6e00000|  0%| F|  |TS  0|AC  0|TAMS 0x00000006c6d00000, 0x00000006c6d00000|
|  80|0x00000006c6e00000, 0x00000006c6e00000, 0x00000006c6f00000|  0%| F|  |TS  0|AC  0|TAMS 0x00000006c6e00000, 0x00000006c6e00000|
|  81|0x00000006c6f00000, 0x00000006c6f00000, 0x00000006c7000000|  0%| F|  |TS  0|AC  0|TAMS 0x00000006c6f00000, 0x00000006c6f00000|
|  82|0x00000006c7000000, 0x00000006c7000000, 0x00000006c7100000|  0%| F|  |TS  0|AC  0|TAMS 0x00000006c7000000, 0x00000006c7000000|
|  83|0x00000006c7100000, 0x00000006c7100000, 0x00000006c7200000|  0%| F|  |TS  0|AC  0|TAMS 0x00000006c7100000, 0x00000006c7100000|
|  84|0x00000006c7200000, 0x00000006c7200000, 0x00000006c7300000|  0%| F|  |TS  0|AC  0|TAMS 0x00000006c7200000, 0x00000006c7200000|
|  85|0x00000006c7300000, 0x00000006c7300000, 0x00000006c7400000|  0%| F|  |TS  0|AC  0|TAMS 0x00000006c7300000, 0x00000006c7300000|
|  86|0x00000006c7400000, 0x00000006c7400000, 0x00000006c7500000|  0%| F|  |TS  0|AC  0|TAMS 0x00000006c7400000, 0x00000006c7400000|
|  87|0x00000006c7500000, 0x00000006c7500000, 0x00000006c7600000|  0%| F|  |TS  0|AC  0|TAMS 0x00000006c7500000, 0x00000006c7500000|
|  88|0x00000006c7600000, 0x00000006c7600000, 0x00000006c7700000|  0%| F|  |TS  0|AC  0|TAMS 0x00000006c7600000, 0x00000006c7600000|
|  89|0x00000006c7700000, 0x00000006c7700000, 0x00000006c7800000|  0%| F|  |TS  0|AC  0|TAMS 0x00000006c7700000, 0x00000006c7700000|
|  90|0x00000006c7800000, 0x00000006c7800000, 0x00000006c7900000|  0%| F|  |TS  0|AC  0|TAMS 0x00000006c7800000, 0x00000006c7800000|
|  91|0x00000006c7900000, 0x00000006c7900000, 0x00000006c7a00000|  0%| F|  |TS  0|AC  0|TAMS 0x00000006c7900000, 0x00000006c7900000|
|  92|0x00000006c7a00000, 0x00000006c7a00000, 0x00000006c7b00000|  0%| F|  |TS  0|AC  0|TAMS 0x00000006c7a00000, 0x00000006c7a00000|
|  93|0x00000006c7b00000, 0x00000006c7b00000, 0x00000006c7c00000|  0%| F|  |TS  0|AC  0|TAMS 0x00000006c7b00000, 0x00000006c7b00000|
|  94|0x00000006c7c00000, 0x00000006c7c00000, 0x00000006c7d00000|  0%| F|  |TS  0|AC  0|TAMS 0x00000006c7c00000, 0x00000006c7c00000|
|  95|0x00000006c7d00000, 0x00000006c7d00000, 0x00000006c7e00000|  0%| F|  |TS  0|AC  0|TAMS 0x00000006c7d00000, 0x00000006c7d00000|
|  96|0x00000006c7e00000, 0x00000006c7e00000, 0x00000006c7f00000|  0%| F|  |TS  0|AC  0|TAMS 0x00000006c7e00000, 0x00000006c7e00000|
|  97|0x00000006c7f00000, 0x00000006c7f00000, 0x00000006c8000000|  0%| F|  |TS  0|AC  0|TAMS 0x00000006c7f00000, 0x00000006c7f00000|
|  98|0x00000006c8000000, 0x00000006c8000000, 0x00000006c8100000|  0%| F|  |TS  0|AC  0|TAMS 0x00000006c8000000, 0x00000006c8000000|
|  99|0x00000006c8100000, 0x00000006c8100000, 0x00000006c8200000|  0%| F|  |TS  0|AC  0|TAMS 0x00000006c8100000, 0x00000006c8100000|
| 100|0x00000006c8200000, 0x00000006c8200000, 0x00000006c8300000|  0%| F|  |TS  0|AC  0|TAMS 0x00000006c8200000, 0x00000006c8200000|
| 101|0x00000006c8300000, 0x00000006c8300000, 0x00000006c8400000|  0%| F|  |TS  0|AC  0|TAMS 0x00000006c8300000, 0x00000006c8300000|
| 102|0x00000006c8400000, 0x00000006c8400000, 0x00000006c8500000|  0%| F|  |TS  0|AC  0|TAMS 0x00000006c8400000, 0x00000006c8400000|
| 103|0x00000006c8500000, 0x00000006c8500000, 0x00000006c8600000|  0%| F|  |TS  0|AC  0|TAMS 0x00000006c8500000, 0x00000006c8500000|
| 104|0x00000006c8600000, 0x00000006c8600000, 0x00000006c8700000|  0%| F|  |TS  0|AC  0|TAMS 0x00000006c8600000, 0x00000006c8600000|
| 105|0x00000006c8700000, 0x00000006c8700000, 0x00000006c8800000|  0%| F|  |TS  0|AC  0|TAMS 0x00000006c8700000, 0x00000006c8700000|
| 106|0x00000006c8800000, 0x00000006c8800000, 0x00000006c8900000|  0%| F|  |TS  0|AC  0|TAMS 0x00000006c8800000, 0x00000006c8800000|
| 107|0x00000006c8900000, 0x00000006c8900000, 0x00000006c8a00000|  0%| F|  |TS  0|AC  0|TAMS 0x00000006c8900000, 0x00000006c8900000|
| 108|0x00000006c8a00000, 0x00000006c8a00000, 0x00000006c8b00000|  0%| F|  |TS  0|AC  0|TAMS 0x00000006c8a00000, 0x00000006c8a00000|
| 109|0x00000006c8b00000, 0x00000006c8b00000, 0x00000006c8c00000|  0%| F|  |TS  0|AC  0|TAMS 0x00000006c8b00000, 0x00000006c8b00000|
| 110|0x00000006c8c00000, 0x00000006c8c00000, 0x00000006c8d00000|  0%| F|  |TS  0|AC  0|TAMS 0x00000006c8c00000, 0x00000006c8c00000|
| 111|0x00000006c8d00000, 0x00000006c8d00000, 0x00000006c8e00000|  0%| F|  |TS  0|AC  0|TAMS 0x00000006c8d00000, 0x00000006c8d00000|
| 112|0x00000006c8e00000, 0x00000006c8e00000, 0x00000006c8f00000|  0%| F|  |TS  0|AC  0|TAMS 0x00000006c8e00000, 0x00000006c8e00000|
| 113|0x00000006c8f00000, 0x00000006c8f00000, 0x00000006c9000000|  0%| F|  |TS  0|AC  0|TAMS 0x00000006c8f00000, 0x00000006c8f00000|
| 114|0x00000006c9000000, 0x00000006c9000000, 0x00000006c9100000|  0%| F|  |TS  0|AC  0|TAMS 0x00000006c9000000, 0x00000006c9000000|
| 115|0x00000006c9100000, 0x00000006c9100000, 0x00000006c9200000|  0%| F|  |TS  0|AC  0|TAMS 0x00000006c9100000, 0x00000006c9100000|
| 116|0x00000006c9200000, 0x00000006c9200000, 0x00000006c9300000|  0%| F|  |TS  0|AC  0|TAMS 0x00000006c9200000, 0x00000006c9200000|
| 117|0x00000006c9300000, 0x00000006c9300000, 0x00000006c9400000|  0%| F|  |TS  0|AC  0|TAMS 0x00000006c9300000, 0x00000006c9300000|
| 118|0x00000006c9400000, 0x00000006c9400000, 0x00000006c9500000|  0%| F|  |TS  0|AC  0|TAMS 0x00000006c9400000, 0x00000006c9400000|
| 119|0x00000006c9500000, 0x00000006c9500000, 0x00000006c9600000|  0%| F|  |TS  0|AC  0|TAMS 0x00000006c9500000, 0x00000006c9500000|
| 120|0x00000006c9600000, 0x00000006c9600000, 0x00000006c9700000|  0%| F|  |TS  0|AC  0|TAMS 0x00000006c9600000, 0x00000006c9600000|
| 121|0x00000006c9700000, 0x00000006c9700000, 0x00000006c9800000|  0%| F|  |TS  0|AC  0|TAMS 0x00000006c9700000, 0x00000006c9700000|
| 122|0x00000006c9800000, 0x00000006c9800000, 0x00000006c9900000|  0%| F|  |TS  0|AC  0|TAMS 0x00000006c9800000, 0x00000006c9800000|
| 123|0x00000006c9900000, 0x00000006c9900000, 0x00000006c9a00000|  0%| F|  |TS  0|AC  0|TAMS 0x00000006c9900000, 0x00000006c9900000|
| 124|0x00000006c9a00000, 0x00000006c9a00000, 0x00000006c9b00000|  0%| F|  |TS  0|AC  0|TAMS 0x00000006c9a00000, 0x00000006c9a00000|
| 125|0x00000006c9b00000, 0x00000006c9b00000, 0x00000006c9c00000|  0%| F|  |TS  0|AC  0|TAMS 0x00000006c9b00000, 0x00000006c9b00000|
| 126|0x00000006c9c00000, 0x00000006c9c00000, 0x00000006c9d00000|  0%| F|  |TS  0|AC  0|TAMS 0x00000006c9c00000, 0x00000006c9c00000|
| 127|0x00000006c9d00000, 0x00000006c9d00000, 0x00000006c9e00000|  0%| F|  |TS  0|AC  0|TAMS 0x00000006c9d00000, 0x00000006c9d00000|
| 128|0x00000006c9e00000, 0x00000006c9e00000, 0x00000006c9f00000|  0%| F|  |TS  0|AC  0|TAMS 0x00000006c9e00000, 0x00000006c9e00000|
| 129|0x00000006c9f00000, 0x00000006c9f00000, 0x00000006ca000000|  0%| F|  |TS  0|AC  0|TAMS 0x00000006c9f00000, 0x00000006c9f00000|
| 130|0x00000006ca000000, 0x00000006ca000000, 0x00000006ca100000|  0%| F|  |TS  0|AC  0|TAMS 0x00000006ca000000, 0x00000006ca000000|
| 131|0x00000006ca100000, 0x00000006ca100000, 0x00000006ca200000|  0%| F|  |TS  0|AC  0|TAMS 0x00000006ca100000, 0x00000006ca100000|
| 132|0x00000006ca200000, 0x00000006ca200000, 0x00000006ca300000|  0%| F|  |TS  0|AC  0|TAMS 0x00000006ca200000, 0x00000006ca200000|
| 133|0x00000006ca300000, 0x00000006ca300000, 0x00000006ca400000|  0%| F|  |TS  0|AC  0|TAMS 0x00000006ca300000, 0x00000006ca300000|
| 134|0x00000006ca400000, 0x00000006ca400000, 0x00000006ca500000|  0%| F|  |TS  0|AC  0|TAMS 0x00000006ca400000, 0x00000006ca400000|
| 135|0x00000006ca500000, 0x00000006ca500000, 0x00000006ca600000|  0%| F|  |TS  0|AC  0|TAMS 0x00000006ca500000, 0x00000006ca500000|
| 136|0x00000006ca600000, 0x00000006ca600000, 0x00000006ca700000|  0%| F|  |TS  0|AC  0|TAMS 0x00000006ca600000, 0x00000006ca600000|
| 137|0x00000006ca700000, 0x00000006ca700000, 0x00000006ca800000|  0%| F|  |TS  0|AC  0|TAMS 0x00000006ca700000, 0x00000006ca700000|
| 138|0x00000006ca800000, 0x00000006ca800000, 0x00000006ca900000|  0%| F|  |TS  0|AC  0|TAMS 0x00000006ca800000, 0x00000006ca800000|
| 139|0x00000006ca900000, 0x00000006ca900000, 0x00000006caa00000|  0%| F|  |TS  0|AC  0|TAMS 0x00000006ca900000, 0x00000006ca900000|
| 140|0x00000006caa00000, 0x00000006caa00000, 0x00000006cab00000|  0%| F|  |TS  0|AC  0|TAMS 0x00000006caa00000, 0x00000006caa00000|
| 141|0x00000006cab00000, 0x00000006cab00000, 0x00000006cac00000|  0%| F|  |TS  0|AC  0|TAMS 0x00000006cab00000, 0x00000006cab00000|
| 142|0x00000006cac00000, 0x00000006cac00000, 0x00000006cad00000|  0%| F|  |TS  0|AC  0|TAMS 0x00000006cac00000, 0x00000006cac00000|
| 143|0x00000006cad00000, 0x00000006cad00000, 0x00000006cae00000|  0%| F|  |TS  0|AC  0|TAMS 0x00000006cad00000, 0x00000006cad00000|
| 144|0x00000006cae00000, 0x00000006cae00000, 0x00000006caf00000|  0%| F|  |TS  0|AC  0|TAMS 0x00000006cae00000, 0x00000006cae00000|
| 145|0x00000006caf00000, 0x00000006caf00000, 0x00000006cb000000|  0%| F|  |TS  0|AC  0|TAMS 0x00000006caf00000, 0x00000006caf00000|
| 146|0x00000006cb000000, 0x00000006cb000000, 0x00000006cb100000|  0%| F|  |TS  0|AC  0|TAMS 0x00000006cb000000, 0x00000006cb000000|
| 147|0x00000006cb100000, 0x00000006cb100000, 0x00000006cb200000|  0%| F|  |TS  0|AC  0|TAMS 0x00000006cb100000, 0x00000006cb100000|
| 148|0x00000006cb200000, 0x00000006cb200000, 0x00000006cb300000|  0%| F|  |TS  0|AC  0|TAMS 0x00000006cb200000, 0x00000006cb200000|
| 149|0x00000006cb300000, 0x00000006cb300000, 0x00000006cb400000|  0%| F|  |TS  0|AC  0|TAMS 0x00000006cb300000, 0x00000006cb300000|
| 150|0x00000006cb400000, 0x00000006cb400000, 0x00000006cb500000|  0%| F|  |TS  0|AC  0|TAMS 0x00000006cb400000, 0x00000006cb400000|
| 151|0x00000006cb500000, 0x00000006cb500000, 0x00000006cb600000|  0%| F|  |TS  0|AC  0|TAMS 0x00000006cb500000, 0x00000006cb500000|
| 152|0x00000006cb600000, 0x00000006cb600000, 0x00000006cb700000|  0%| F|  |TS  0|AC  0|TAMS 0x00000006cb600000, 0x00000006cb600000|
| 153|0x00000006cb700000, 0x00000006cb700000, 0x00000006cb800000|  0%| F|  |TS  0|AC  0|TAMS 0x00000006cb700000, 0x00000006cb700000|
| 154|0x00000006cb800000, 0x00000006cb800000, 0x00000006cb900000|  0%| F|  |TS  0|AC  0|TAMS 0x00000006cb800000, 0x00000006cb800000|
| 155|0x00000006cb900000, 0x00000006cb900000, 0x00000006cba00000|  0%| F|  |TS  0|AC  0|TAMS 0x00000006cb900000, 0x00000006cb900000|
| 156|0x00000006cba00000, 0x00000006cba00000, 0x00000006cbb00000|  0%| F|  |TS  0|AC  0|TAMS 0x00000006cba00000, 0x00000006cba00000|
| 157|0x00000006cbb00000, 0x00000006cbb00000, 0x00000006cbc00000|  0%| F|  |TS  0|AC  0|TAMS 0x00000006cbb00000, 0x00000006cbb00000|
| 158|0x00000006cbc00000, 0x00000006cbc00000, 0x00000006cbd00000|  0%| F|  |TS  0|AC  0|TAMS 0x00000006cbc00000, 0x00000006cbc00000|
| 159|0x00000006cbd00000, 0x00000006cbd00000, 0x00000006cbe00000|  0%| F|  |TS  0|AC  0|TAMS 0x00000006cbd00000, 0x00000006cbd00000|
| 160|0x00000006cbe00000, 0x00000006cbe00000, 0x00000006cbf00000|  0%| F|  |TS  0|AC  0|TAMS 0x00000006cbe00000, 0x00000006cbe00000|
| 161|0x00000006cbf00000, 0x00000006cbf00000, 0x00000006cc000000|  0%| F|  |TS  0|AC  0|TAMS 0x00000006cbf00000, 0x00000006cbf00000|
| 162|0x00000006cc000000, 0x00000006cc000000, 0x00000006cc100000|  0%| F|  |TS  0|AC  0|TAMS 0x00000006cc000000, 0x00000006cc000000|
| 163|0x00000006cc100000, 0x00000006cc100000, 0x00000006cc200000|  0%| F|  |TS  0|AC  0|TAMS 0x00000006cc100000, 0x00000006cc100000|
| 164|0x00000006cc200000, 0x00000006cc200000, 0x00000006cc300000|  0%| F|  |TS  0|AC  0|TAMS 0x00000006cc200000, 0x00000006cc200000|
| 165|0x00000006cc300000, 0x00000006cc300000, 0x00000006cc400000|  0%| F|  |TS  0|AC  0|TAMS 0x00000006cc300000, 0x00000006cc300000|
| 166|0x00000006cc400000, 0x00000006cc400000, 0x00000006cc500000|  0%| F|  |TS  0|AC  0|TAMS 0x00000006cc400000, 0x00000006cc400000|
| 167|0x00000006cc500000, 0x00000006cc500000, 0x00000006cc600000|  0%| F|  |TS  0|AC  0|TAMS 0x00000006cc500000, 0x00000006cc500000|
| 168|0x00000006cc600000, 0x00000006cc600000, 0x00000006cc700000|  0%| F|  |TS  0|AC  0|TAMS 0x00000006cc600000, 0x00000006cc600000|
| 169|0x00000006cc700000, 0x00000006cc700000, 0x00000006cc800000|  0%| F|  |TS  0|AC  0|TAMS 0x00000006cc700000, 0x00000006cc700000|
| 170|0x00000006cc800000, 0x00000006cc800000, 0x00000006cc900000|  0%| F|  |TS  0|AC  0|TAMS 0x00000006cc800000, 0x00000006cc800000|
| 171|0x00000006cc900000, 0x00000006cc900000, 0x00000006cca00000|  0%| F|  |TS  0|AC  0|TAMS 0x00000006cc900000, 0x00000006cc900000|
| 172|0x00000006cca00000, 0x00000006cca00000, 0x00000006ccb00000|  0%| F|  |TS  0|AC  0|TAMS 0x00000006cca00000, 0x00000006cca00000|
| 173|0x00000006ccb00000, 0x00000006ccb00000, 0x00000006ccc00000|  0%| F|  |TS  0|AC  0|TAMS 0x00000006ccb00000, 0x00000006ccb00000|
| 174|0x00000006ccc00000, 0x00000006ccc00000, 0x00000006ccd00000|  0%| F|  |TS  0|AC  0|TAMS 0x00000006ccc00000, 0x00000006ccc00000|
| 175|0x00000006ccd00000, 0x00000006ccd00000, 0x00000006cce00000|  0%| F|  |TS  0|AC  0|TAMS 0x00000006ccd00000, 0x00000006ccd00000|
| 176|0x00000006cce00000, 0x00000006cce00000, 0x00000006ccf00000|  0%| F|  |TS  0|AC  0|TAMS 0x00000006cce00000, 0x00000006cce00000|
| 177|0x00000006ccf00000, 0x00000006ccf00000, 0x00000006cd000000|  0%| F|  |TS  0|AC  0|TAMS 0x00000006ccf00000, 0x00000006ccf00000|
| 178|0x00000006cd000000, 0x00000006cd000000, 0x00000006cd100000|  0%| F|  |TS  0|AC  0|TAMS 0x00000006cd000000, 0x00000006cd000000|
| 179|0x00000006cd100000, 0x00000006cd100000, 0x00000006cd200000|  0%| F|  |TS  0|AC  0|TAMS 0x00000006cd100000, 0x00000006cd100000|
| 180|0x00000006cd200000, 0x00000006cd200000, 0x00000006cd300000|  0%| F|  |TS  0|AC  0|TAMS 0x00000006cd200000, 0x00000006cd200000|
| 181|0x00000006cd300000, 0x00000006cd300000, 0x00000006cd400000|  0%| F|  |TS  0|AC  0|TAMS 0x00000006cd300000, 0x00000006cd300000|
| 182|0x00000006cd400000, 0x00000006cd400000, 0x00000006cd500000|  0%| F|  |TS  0|AC  0|TAMS 0x00000006cd400000, 0x00000006cd400000|
| 183|0x00000006cd500000, 0x00000006cd500000, 0x00000006cd600000|  0%| F|  |TS  0|AC  0|TAMS 0x00000006cd500000, 0x00000006cd500000|
| 184|0x00000006cd600000, 0x00000006cd600000, 0x00000006cd700000|  0%| F|  |TS  0|AC  0|TAMS 0x00000006cd600000, 0x00000006cd600000|
| 185|0x00000006cd700000, 0x00000006cd700000, 0x00000006cd800000|  0%| F|  |TS  0|AC  0|TAMS 0x00000006cd700000, 0x00000006cd700000|
| 186|0x00000006cd800000, 0x00000006cd800000, 0x00000006cd900000|  0%| F|  |TS  0|AC  0|TAMS 0x00000006cd800000, 0x00000006cd800000|
| 187|0x00000006cd900000, 0x00000006cd900000, 0x00000006cda00000|  0%| F|  |TS  0|AC  0|TAMS 0x00000006cd900000, 0x00000006cd900000|
| 188|0x00000006cda00000, 0x00000006cda00000, 0x00000006cdb00000|  0%| F|  |TS  0|AC  0|TAMS 0x00000006cda00000, 0x00000006cda00000|
| 189|0x00000006cdb00000, 0x00000006cdb00000, 0x00000006cdc00000|  0%| F|  |TS  0|AC  0|TAMS 0x00000006cdb00000, 0x00000006cdb00000|
| 190|0x00000006cdc00000, 0x00000006cdc00000, 0x00000006cdd00000|  0%| F|  |TS  0|AC  0|TAMS 0x00000006cdc00000, 0x00000006cdc00000|
| 191|0x00000006cdd00000, 0x00000006cdd00000, 0x00000006cde00000|  0%| F|  |TS  0|AC  0|TAMS 0x00000006cdd00000, 0x00000006cdd00000|
| 192|0x00000006cde00000, 0x00000006cde00000, 0x00000006cdf00000|  0%| F|  |TS  0|AC  0|TAMS 0x00000006cde00000, 0x00000006cde00000|
| 193|0x00000006cdf00000, 0x00000006cdf00000, 0x00000006ce000000|  0%| F|  |TS  0|AC  0|TAMS 0x00000006cdf00000, 0x00000006cdf00000|
| 194|0x00000006ce000000, 0x00000006ce000000, 0x00000006ce100000|  0%| F|  |TS  0|AC  0|TAMS 0x00000006ce000000, 0x00000006ce000000|
| 195|0x00000006ce100000, 0x00000006ce100000, 0x00000006ce200000|  0%| F|  |TS  0|AC  0|TAMS 0x00000006ce100000, 0x00000006ce100000|
| 196|0x00000006ce200000, 0x00000006ce200000, 0x00000006ce300000|  0%| F|  |TS  0|AC  0|TAMS 0x00000006ce200000, 0x00000006ce200000|
| 197|0x00000006ce300000, 0x00000006ce300000, 0x00000006ce400000|  0%| F|  |TS  0|AC  0|TAMS 0x00000006ce300000, 0x00000006ce300000|
| 198|0x00000006ce400000, 0x00000006ce400000, 0x00000006ce500000|  0%| F|  |TS  0|AC  0|TAMS 0x00000006ce400000, 0x00000006ce400000|
| 199|0x00000006ce500000, 0x00000006ce500000, 0x00000006ce600000|  0%| F|  |TS  0|AC  0|TAMS 0x00000006ce500000, 0x00000006ce500000|
| 200|0x00000006ce600000, 0x00000006ce600000, 0x00000006ce700000|  0%| F|  |TS  0|AC  0|TAMS 0x00000006ce600000, 0x00000006ce600000|
| 201|0x00000006ce700000, 0x00000006ce700000, 0x00000006ce800000|  0%| F|  |TS  0|AC  0|TAMS 0x00000006ce700000, 0x00000006ce700000|
| 202|0x00000006ce800000, 0x00000006ce800000, 0x00000006ce900000|  0%| F|  |TS  0|AC  0|TAMS 0x00000006ce800000, 0x00000006ce800000|
| 203|0x00000006ce900000, 0x00000006ce900000, 0x00000006cea00000|  0%| F|  |TS  0|AC  0|TAMS 0x00000006ce900000, 0x00000006ce900000|
| 204|0x00000006cea00000, 0x00000006cea00000, 0x00000006ceb00000|  0%| F|  |TS  0|AC  0|TAMS 0x00000006cea00000, 0x00000006cea00000|
| 205|0x00000006ceb00000, 0x00000006ceb00000, 0x00000006cec00000|  0%| F|  |TS  0|AC  0|TAMS 0x00000006ceb00000, 0x00000006ceb00000|
| 206|0x00000006cec00000, 0x00000006cec00000, 0x00000006ced00000|  0%| F|  |TS  0|AC  0|TAMS 0x00000006cec00000, 0x00000006cec00000|
| 207|0x00000006ced00000, 0x00000006ced00000, 0x00000006cee00000|  0%| F|  |TS  0|AC  0|TAMS 0x00000006ced00000, 0x00000006ced00000|
| 208|0x00000006cee00000, 0x00000006cee00000, 0x00000006cef00000|  0%| F|  |TS  0|AC  0|TAMS 0x00000006cee00000, 0x00000006cee00000|
| 209|0x00000006cef00000, 0x00000006cef00000, 0x00000006cf000000|  0%| F|  |TS  0|AC  0|TAMS 0x00000006cef00000, 0x00000006cef00000|
| 210|0x00000006cf000000, 0x00000006cf000000, 0x00000006cf100000|  0%| F|  |TS  0|AC  0|TAMS 0x00000006cf000000, 0x00000006cf000000|
| 211|0x00000006cf100000, 0x00000006cf100000, 0x00000006cf200000|  0%| F|  |TS  0|AC  0|TAMS 0x00000006cf100000, 0x00000006cf100000|
| 212|0x00000006cf200000, 0x00000006cf200000, 0x00000006cf300000|  0%| F|  |TS  0|AC  0|TAMS 0x00000006cf200000, 0x00000006cf200000|
| 213|0x00000006cf300000, 0x00000006cf300000, 0x00000006cf400000|  0%| F|  |TS  0|AC  0|TAMS 0x00000006cf300000, 0x00000006cf300000|
| 214|0x00000006cf400000, 0x00000006cf400000, 0x00000006cf500000|  0%| F|  |TS  0|AC  0|TAMS 0x00000006cf400000, 0x00000006cf400000|
| 215|0x00000006cf500000, 0x00000006cf500000, 0x00000006cf600000|  0%| F|  |TS  0|AC  0|TAMS 0x00000006cf500000, 0x00000006cf500000|
| 216|0x00000006cf600000, 0x00000006cf600000, 0x00000006cf700000|  0%| F|  |TS  0|AC  0|TAMS 0x00000006cf600000, 0x00000006cf600000|
| 217|0x00000006cf700000, 0x00000006cf700000, 0x00000006cf800000|  0%| F|  |TS  0|AC  0|TAMS 0x00000006cf700000, 0x00000006cf700000|
| 218|0x00000006cf800000, 0x00000006cf800000, 0x00000006cf900000|  0%| F|  |TS  0|AC  0|TAMS 0x00000006cf800000, 0x00000006cf800000|
| 219|0x00000006cf900000, 0x00000006cf900000, 0x00000006cfa00000|  0%| F|  |TS  0|AC  0|TAMS 0x00000006cf900000, 0x00000006cf900000|
| 220|0x00000006cfa00000, 0x00000006cfa00000, 0x00000006cfb00000|  0%| F|  |TS  0|AC  0|TAMS 0x00000006cfa00000, 0x00000006cfa00000|
| 221|0x00000006cfb00000, 0x00000006cfb00000, 0x00000006cfc00000|  0%| F|  |TS  0|AC  0|TAMS 0x00000006cfb00000, 0x00000006cfb00000|
| 222|0x00000006cfc00000, 0x00000006cfc00000, 0x00000006cfd00000|  0%| F|  |TS  0|AC  0|TAMS 0x00000006cfc00000, 0x00000006cfc00000|
| 223|0x00000006cfd00000, 0x00000006cfd00000, 0x00000006cfe00000|  0%| F|  |TS  0|AC  0|TAMS 0x00000006cfd00000, 0x00000006cfd00000|
| 224|0x00000006cfe00000, 0x00000006cfe00000, 0x00000006cff00000|  0%| F|  |TS  0|AC  0|TAMS 0x00000006cfe00000, 0x00000006cfe00000|
| 225|0x00000006cff00000, 0x00000006cff00000, 0x00000006d0000000|  0%| F|  |TS  0|AC  0|TAMS 0x00000006cff00000, 0x00000006cff00000|
| 226|0x00000006d0000000, 0x00000006d0000000, 0x00000006d0100000|  0%| F|  |TS  0|AC  0|TAMS 0x00000006d0000000, 0x00000006d0000000|
| 227|0x00000006d0100000, 0x00000006d0100000, 0x00000006d0200000|  0%| F|  |TS  0|AC  0|TAMS 0x00000006d0100000, 0x00000006d0100000|
| 228|0x00000006d0200000, 0x00000006d0200000, 0x00000006d0300000|  0%| F|  |TS  0|AC  0|TAMS 0x00000006d0200000, 0x00000006d0200000|
| 229|0x00000006d0300000, 0x00000006d0300000, 0x00000006d0400000|  0%| F|  |TS  0|AC  0|TAMS 0x00000006d0300000, 0x00000006d0300000|
| 230|0x00000006d0400000, 0x00000006d0400000, 0x00000006d0500000|  0%| F|  |TS  0|AC  0|TAMS 0x00000006d0400000, 0x00000006d0400000|
| 231|0x00000006d0500000, 0x00000006d0500000, 0x00000006d0600000|  0%| F|  |TS  0|AC  0|TAMS 0x00000006d0500000, 0x00000006d0500000|
| 232|0x00000006d0600000, 0x00000006d0600000, 0x00000006d0700000|  0%| F|  |TS  0|AC  0|TAMS 0x00000006d0600000, 0x00000006d0600000|
| 233|0x00000006d0700000, 0x00000006d0700000, 0x00000006d0800000|  0%| F|  |TS  0|AC  0|TAMS 0x00000006d0700000, 0x00000006d0700000|
| 234|0x00000006d0800000, 0x00000006d0800000, 0x00000006d0900000|  0%| F|  |TS  0|AC  0|TAMS 0x00000006d0800000, 0x00000006d0800000|
| 235|0x00000006d0900000, 0x00000006d0900000, 0x00000006d0a00000|  0%| F|  |TS  0|AC  0|TAMS 0x00000006d0900000, 0x00000006d0900000|
| 236|0x00000006d0a00000, 0x00000006d0a00000, 0x00000006d0b00000|  0%| F|  |TS  0|AC  0|TAMS 0x00000006d0a00000, 0x00000006d0a00000|
| 237|0x00000006d0b00000, 0x00000006d0b00000, 0x00000006d0c00000|  0%| F|  |TS  0|AC  0|TAMS 0x00000006d0b00000, 0x00000006d0b00000|
| 238|0x00000006d0c00000, 0x00000006d0c00000, 0x00000006d0d00000|  0%| F|  |TS  0|AC  0|TAMS 0x00000006d0c00000, 0x00000006d0c00000|
| 239|0x00000006d0d00000, 0x00000006d0e00000, 0x00000006d0e00000|100%| E|  |TS  0|AC  0|TAMS 0x00000006d0d00000, 0x00000006d0d00000|
| 240|0x00000006d0e00000, 0x00000006d0f00000, 0x00000006d0f00000|100%| S|CS|TS  1|AC  0|TAMS 0x00000006d0e00000, 0x00000006d0e00000|
| 241|0x00000006d0f00000, 0x00000006d1000000, 0x00000006d1000000|100%| S|CS|TS  1|AC  0|TAMS 0x00000006d0f00000, 0x00000006d0f00000|
| 242|0x00000006d1000000, 0x00000006d1100000, 0x00000006d1100000|100%| E|CS|TS  1|AC  0|TAMS 0x00000006d1000000, 0x00000006d1000000|
| 243|0x00000006d1100000, 0x00000006d1200000, 0x00000006d1200000|100%| E|CS|TS  1|AC  0|TAMS 0x00000006d1100000, 0x00000006d1100000|
| 244|0x00000006d1200000, 0x00000006d1300000, 0x00000006d1300000|100%| E|CS|TS  1|AC  0|TAMS 0x00000006d1200000, 0x00000006d1200000|
| 245|0x00000006d1300000, 0x00000006d1400000, 0x00000006d1400000|100%| E|CS|TS  1|AC  0|TAMS 0x00000006d1300000, 0x00000006d1300000|
| 246|0x00000006d1400000, 0x00000006d1500000, 0x00000006d1500000|100%| E|CS|TS  1|AC  0|TAMS 0x00000006d1400000, 0x00000006d1400000|
| 247|0x00000006d1500000, 0x00000006d1600000, 0x00000006d1600000|100%| E|CS|TS  1|AC  0|TAMS 0x00000006d1500000, 0x00000006d1500000|
| 248|0x00000006d1600000, 0x00000006d1700000, 0x00000006d1700000|100%| E|CS|TS  1|AC  0|TAMS 0x00000006d1600000, 0x00000006d1600000|
| 249|0x00000006d1700000, 0x00000006d1800000, 0x00000006d1800000|100%| E|CS|TS  1|AC  0|TAMS 0x00000006d1700000, 0x00000006d1700000|
| 250|0x00000006d1800000, 0x00000006d1900000, 0x00000006d1900000|100%| E|CS|TS  1|AC  0|TAMS 0x00000006d1800000, 0x00000006d1800000|
| 251|0x00000006d1900000, 0x00000006d1a00000, 0x00000006d1a00000|100%| E|CS|TS  1|AC  0|TAMS 0x00000006d1900000, 0x00000006d1900000|
| 252|0x00000006d1a00000, 0x00000006d1b00000, 0x00000006d1b00000|100%| E|CS|TS  1|AC  0|TAMS 0x00000006d1a00000, 0x00000006d1a00000|
| 253|0x00000006d1b00000, 0x00000006d1c00000, 0x00000006d1c00000|100%| E|CS|TS  1|AC  0|TAMS 0x00000006d1b00000, 0x00000006d1b00000|
| 254|0x00000006d1c00000, 0x00000006d1d00000, 0x00000006d1d00000|100%| E|CS|TS  1|AC  0|TAMS 0x00000006d1c00000, 0x00000006d1c00000|
| 255|0x00000006d1d00000, 0x00000006d1e00000, 0x00000006d1e00000|100%| E|CS|TS  1|AC  0|TAMS 0x00000006d1d00000, 0x00000006d1d00000|

Card table byte_map: [0x0000018e24df0000,0x0000018e255f0000] byte_map_base: 0x0000018e217e1000

Marking Bits (Prev, Next): (CMBitMap*) 0x0000018e2dd98270, (CMBitMap*) 0x0000018e2dd982a8
 Prev Bits: [0x0000018e25df0000, 0x0000018e29d78000)
 Next Bits: [0x0000018e29d80000, 0x0000018e2dd08000)

Polling page: 0x0000018e08730000

CodeHeap 'non-profiled nmethods': size=120064Kb used=309Kb max_used=309Kb free=119754Kb
 bounds [0x0000018e1c370000, 0x0000018e1c5e0000, 0x0000018e238b0000]
CodeHeap 'profiled nmethods': size=120000Kb used=1570Kb max_used=1570Kb free=118429Kb
 bounds [0x0000018e14e40000, 0x0000018e150b0000, 0x0000018e1c370000]
CodeHeap 'non-nmethods': size=5696Kb used=1530Kb max_used=1553Kb free=4165Kb
 bounds [0x0000018e148b0000, 0x0000018e14b20000, 0x0000018e14e40000]
 total_blobs=2009 nmethods=920 adapters=778
 compilation: enabled

Compilation events (10 events):
Event: 107.839 Thread 0x0000018e30546000  916       4       display.Renderer::clear (21 bytes)
Event: 107.840 Thread 0x0000018e30541000  918       4       math.Matrix4f::rotate (55 bytes)
Event: 107.842 Thread 0x0000018e30546000 nmethod 916 0x0000018e1c3bb090 code [0x0000018e1c3bb260, 0x0000018e1c3bb348]
Event: 107.842 Thread 0x0000018e30546000  917       4       display.Renderer::render (64 bytes)
Event: 107.844 Thread 0x0000018e30541000 nmethod 918 0x0000018e1c3bb490 code [0x0000018e1c3bb640, 0x0000018e1c3bb798]
Event: 107.876 Thread 0x0000018e30546000 nmethod 917 0x0000018e1c3bb890 code [0x0000018e1c3bbb00, 0x0000018e1c3bc4c0]
Event: 110.006 Thread 0x0000018e30541000  919       4       java.nio.FloatBuffer::limit (8 bytes)
Event: 110.009 Thread 0x0000018e30541000 nmethod 919 0x0000018e1c3bd010 code [0x0000018e1c3bd1a0, 0x0000018e1c3bd278]
Event: 118.606 Thread 0x0000018e30546000  920       4       java.nio.FloatBuffer::position (8 bytes)
Event: 118.607 Thread 0x0000018e30546000 nmethod 920 0x0000018e1c3bd390 code [0x0000018e1c3bd520, 0x0000018e1c3bd5d8]

GC Heap History (2 events):
Event: 0.892 GC heap before
{Heap before GC invocations=0 (full 0):
 garbage-first heap   total 262144K, used 14336K [0x00000006c1e00000, 0x00000006c1f00800, 0x00000007c0000000)
  region size 1024K, 14 young (14336K), 0 survivors (0K)
 Metaspace       used 10556K, capacity 10777K, committed 10880K, reserved 1058816K
  class space    used 819K, capacity 864K, committed 896K, reserved 1048576K
}
Event: 0.898 GC heap after
{Heap after GC invocations=1 (full 0):
 garbage-first heap   total 262144K, used 3410K [0x00000006c1e00000, 0x00000006c1f00800, 0x00000007c0000000)
  region size 1024K, 2 young (2048K), 2 survivors (2048K)
 Metaspace       used 10556K, capacity 10777K, committed 10880K, reserved 1058816K
  class space    used 819K, capacity 864K, committed 896K, reserved 1048576K
}

Deoptimization events (2 events):
Event: 0.259 Thread 0x0000018e087d4000 Uncommon trap: reason=unstable_if action=reinterpret pc=0x0000018e1c37329c method=java.lang.String.charAt(I)C @ 4 c2
Event: 0.980 Thread 0x0000018e087d4000 Uncommon trap: reason=unstable_if action=reinterpret pc=0x0000018e1c38fc7c method=java.nio.Buffer.hasRemaining()Z @ 8 c2

Classes redefined (0 events):
No events

Internal exceptions (10 events):
Event: 0.332 Thread 0x0000018e087d4000 Exception <a 'java/lang/NoSuchMethodError'{0x00000006d19d50e0}: java.lang.Object.lambda$union$2(Ljava/util/regex/Pattern$CharPredicate;I)Z> (0x00000006d19d50e0) thrown at [t:/workspace/hotspot/src/share/vm/interpreter/linkResolver.cpp, line 731]
Event: 0.339 Thread 0x0000018e087d4000 Exception <a 'java/lang/NoSuchMethodError'{0x00000006d19f7c80}: java.lang.invoke.DirectMethodHandle$Holder.invokeStatic(Ljava/lang/Object;Ljava/lang/Object;)I> (0x00000006d19f7c80) thrown at [t:/workspace/hotspot/src/share/vm/interpreter/linkResolver.cpp,
Event: 0.343 Thread 0x0000018e087d4000 Exception <a 'java/lang/NoSuchMethodError'{0x00000006d1808780}: method resolution failed> (0x00000006d1808780) thrown at [t:/workspace/hotspot/src/share/vm/prims/methodHandles.cpp, line 1256]
Event: 0.344 Thread 0x0000018e087d4000 Exception <a 'java/lang/NoSuchMethodError'{0x00000006d180c438}: method resolution failed> (0x00000006d180c438) thrown at [t:/workspace/hotspot/src/share/vm/prims/methodHandles.cpp, line 1256]
Event: 0.344 Thread 0x0000018e087d4000 Exception <a 'java/lang/NoSuchMethodError'{0x00000006d180f938}: java.lang.invoke.DelegatingMethodHandle$Holder.delegate(Ljava/lang/Object;Ljava/lang/Object;ILjava/lang/Object;)V> (0x00000006d180f938) thrown at [t:/workspace/hotspot/src/share/vm/interprete
Event: 0.345 Thread 0x0000018e087d4000 Exception <a 'java/lang/NoSuchMethodError'{0x00000006d18134e0}: java.lang.invoke.DirectMethodHandle$Holder.invokeSpecial(Ljava/lang/Object;Ljava/lang/Object;Ljava/lang/Object;)I> (0x00000006d18134e0) thrown at [t:/workspace/hotspot/src/share/vm/interprete
Event: 0.346 Thread 0x0000018e087d4000 Exception <a 'java/lang/NoSuchMethodError'{0x00000006d181a540}: java.lang.invoke.DirectMethodHandle$Holder.invokeStaticInit(Ljava/lang/Object;Ljava/lang/Object;Ljava/lang/Object;)Ljava/lang/Object;> (0x00000006d181a540) thrown at [t:/workspace/hotspot/src
Event: 0.661 Thread 0x0000018e087d4000 Exception <a 'sun/nio/fs/WindowsException'{0x00000006d158d838}> (0x00000006d158d838) thrown at [t:/workspace/hotspot/src/share/vm/prims/jni.cpp, line 604]
Event: 0.662 Thread 0x0000018e087d4000 Exception <a 'sun/nio/fs/WindowsException'{0x00000006d158f058}> (0x00000006d158f058) thrown at [t:/workspace/hotspot/src/share/vm/prims/jni.cpp, line 604]
Event: 0.961 Thread 0x0000018e087d4000 Exception <a 'java/lang/NoSuchMethodError'{0x00000006d1cdbc40}: java.lang.invoke.DirectMethodHandle$Holder.invokeInterface(Ljava/lang/Object;Ljava/lang/Object;Ljava/lang/Object;)I> (0x00000006d1cdbc40) thrown at [t:/workspace/hotspot/src/share/vm/interpre

Events (10 events):
Event: 0.991 loading class entities/Entity
Event: 0.991 loading class entities/Entity done
Event: 0.992 loading class math/Vector3f
Event: 0.992 loading class math/Vector3f done
Event: 0.993 loading class display/Camera
Event: 0.993 loading class display/Camera done
Event: 4.283 Executing VM operation: EnableBiasedLocking
Event: 4.283 Executing VM operation: EnableBiasedLocking done
Event: 46.886 loading class java/nio/DirectByteBuffer$1
Event: 46.886 loading class java/nio/DirectByteBuffer$1 done


Dynamic libraries:
0x00007ff60be20000 - 0x00007ff60be5e000 	C:\Program Files\Java\jdk-9.0.1\bin\java.exe
0x00007fffa8d30000 - 0x00007fffa8f0b000 	C:\WINDOWS\SYSTEM32\ntdll.dll
0x00007fffa7aa0000 - 0x00007fffa7b4e000 	C:\WINDOWS\System32\KERNEL32.DLL
0x00007fffa6040000 - 0x00007fffa6289000 	C:\WINDOWS\System32\KERNELBASE.dll
0x00007fffa8bc0000 - 0x00007fffa8c61000 	C:\WINDOWS\System32\ADVAPI32.dll
0x00007fffa78e0000 - 0x00007fffa797d000 	C:\WINDOWS\System32\msvcrt.dll
0x00007fffa8c70000 - 0x00007fffa8cc9000 	C:\WINDOWS\System32\sechost.dll
0x00007fffa7bd0000 - 0x00007fffa7cf5000 	C:\WINDOWS\System32\RPCRT4.dll
0x00007fffa8400000 - 0x00007fffa854a000 	C:\WINDOWS\System32\USER32.dll
0x00007fffa5340000 - 0x00007fffa535e000 	C:\WINDOWS\System32\win32u.dll
0x00007fffa7f80000 - 0x00007fffa7fa7000 	C:\WINDOWS\System32\GDI32.dll
0x00007fffa5d00000 - 0x00007fffa5e87000 	C:\WINDOWS\System32\gdi32full.dll
0x00007fffa5250000 - 0x00007fffa52ea000 	C:\WINDOWS\System32\msvcp_win.dll
0x00007fffa5e90000 - 0x00007fffa5f86000 	C:\WINDOWS\System32\ucrtbase.dll
0x00007fff9b270000 - 0x00007fff9b4d7000 	C:\WINDOWS\WinSxS\amd64_microsoft.windows.common-controls_6595b64144ccf1df_6.0.15063.483_none_26002d27e7c744a2\COMCTL32.dll
0x00007fffa87b0000 - 0x00007fffa8aa9000 	C:\WINDOWS\System32\combase.dll
0x00007fffa5590000 - 0x00007fffa55fa000 	C:\WINDOWS\System32\bcryptPrimitives.dll
0x00007fffa43c0000 - 0x00007fffa43ca000 	C:\WINDOWS\SYSTEM32\VERSION.dll
0x00007fffa8780000 - 0x00007fffa87ad000 	C:\WINDOWS\System32\IMM32.DLL
0x00007fff912c0000 - 0x00007fff913af000 	C:\Program Files\Java\jdk-9.0.1\bin\msvcr120.dll
0x00007fff7f170000 - 0x00007fff7f216000 	C:\Program Files\Java\jdk-9.0.1\bin\msvcp120.dll
0x000000005f560000 - 0x000000005ff84000 	C:\Program Files\Java\jdk-9.0.1\bin\server\jvm.dll
0x00007fffa7fb0000 - 0x00007fffa7fb8000 	C:\WINDOWS\System32\PSAPI.DLL
0x00007fff93c80000 - 0x00007fff93c89000 	C:\WINDOWS\SYSTEM32\WSOCK32.dll
0x00007fffa23a0000 - 0x00007fffa23c3000 	C:\WINDOWS\SYSTEM32\WINMM.dll
0x00007fffa7b60000 - 0x00007fffa7bcc000 	C:\WINDOWS\System32\WS2_32.dll
0x00007fffa2370000 - 0x00007fffa239b000 	C:\WINDOWS\SYSTEM32\WINMMBASE.dll
0x00007fffa52f0000 - 0x00007fffa5339000 	C:\WINDOWS\System32\cfgmgr32.dll
0x00007fffa3590000 - 0x00007fffa359f000 	C:\Program Files\Java\jdk-9.0.1\bin\verify.dll
0x00007fff99830000 - 0x00007fff99857000 	C:\Program Files\Java\jdk-9.0.1\bin\java.dll
0x00007fff95440000 - 0x00007fff9546a000 	C:\Program Files\Java\jdk-9.0.1\bin\instrument.dll
0x00007fff9a590000 - 0x00007fff9a5a6000 	C:\Program Files\Java\jdk-9.0.1\bin\zip.dll
0x00007fffa3470000 - 0x00007fffa347a000 	C:\Program Files\Java\jdk-9.0.1\bin\jimage.dll
0x00007fffa6400000 - 0x00007fffa7837000 	C:\WINDOWS\System32\SHELL32.dll
0x00007fffa8b10000 - 0x00007fffa8bba000 	C:\WINDOWS\System32\shcore.dll
0x00007fffa5600000 - 0x00007fffa5cf1000 	C:\WINDOWS\System32\windows.storage.dll
0x00007fffa8ab0000 - 0x00007fffa8b01000 	C:\WINDOWS\System32\shlwapi.dll
0x00007fffa5230000 - 0x00007fffa5241000 	C:\WINDOWS\System32\kernel.appcore.dll
0x00007fffa51e0000 - 0x00007fffa522c000 	C:\WINDOWS\System32\powrprof.dll
0x00007fffa51c0000 - 0x00007fffa51d5000 	C:\WINDOWS\System32\profapi.dll
0x00007fff97f30000 - 0x00007fff97f4a000 	C:\Program Files\Java\jdk-9.0.1\bin\net.dll
0x00007fffa1520000 - 0x00007fffa15f6000 	C:\WINDOWS\SYSTEM32\WINHTTP.dll
0x00007fffa4ab0000 - 0x00007fffa4b0c000 	C:\WINDOWS\system32\mswsock.dll
0x00007fff97e20000 - 0x00007fff97e31000 	C:\Program Files\Java\jdk-9.0.1\bin\nio.dll
0x00007fff97d00000 - 0x00007fff97d1a000 	C:\Program Files\JetBrains\IntelliJ IDEA Community Edition 2017.2.1\bin\breakgen64.dll
0x00007fff8fd40000 - 0x00007fff8fd99000 	C:\Users\Mattijn\AppData\Local\Temp\lwjglMattijn\3.1.5-build-1\lwjgl.dll
0x00007fff8f220000 - 0x00007fff8f26e000 	C:\Users\Mattijn\AppData\Local\Temp\lwjglMattijn\3.1.5-build-1\glfw.dll
0x00007fffa3990000 - 0x00007fffa3a25000 	C:\WINDOWS\system32\uxtheme.dll
0x00007fff8e560000 - 0x00007fff8e5a2000 	C:\WINDOWS\SYSTEM32\dinput8.dll
0x00007fffa2280000 - 0x00007fffa228e000 	C:\WINDOWS\SYSTEM32\xinput1_4.dll
0x00007fffa3cb0000 - 0x00007fffa3cd8000 	C:\WINDOWS\SYSTEM32\DEVOBJ.dll
0x00007fffa22b0000 - 0x00007fffa22da000 	C:\WINDOWS\SYSTEM32\dwmapi.dll
0x00007fffa8550000 - 0x00007fffa86b6000 	C:\WINDOWS\System32\MSCTF.dll
0x00007fffa86c0000 - 0x00007fffa8780000 	C:\WINDOWS\System32\OLEAUT32.dll
0x00007fff7fad0000 - 0x00007fff7fba6000 	C:\Program Files\Hewlett-Packard\HP ProtectTools Security Manager\Bin\DpoFeedb.dll
0x00007fffa50d0000 - 0x00007fffa50f9000 	C:\WINDOWS\SYSTEM32\USERENV.dll
0x00007fffa3f50000 - 0x00007fffa3f5d000 	C:\WINDOWS\SYSTEM32\HID.DLL
0x00007fffa7fc0000 - 0x00007fffa83fb000 	C:\WINDOWS\System32\SETUPAPI.DLL
0x00007fffa5360000 - 0x00007fffa53b6000 	C:\WINDOWS\System32\WINTRUST.dll
0x00007fffa51a0000 - 0x00007fffa51b1000 	C:\WINDOWS\System32\MSASN1.dll
0x00007fffa53c0000 - 0x00007fffa5589000 	C:\WINDOWS\System32\CRYPT32.dll
0x00007fff81ec0000 - 0x00007fff81fe1000 	C:\WINDOWS\SYSTEM32\opengl32.dll
0x00007fff81e90000 - 0x00007fff81ebc000 	C:\WINDOWS\SYSTEM32\GLU32.dll
0x00007fff68f30000 - 0x00007fff69bfb000 	C:\WINDOWS\SYSTEM32\ig8icd64.dll
0x00007fff9c3b0000 - 0x00007fff9cdb9000 	C:\WINDOWS\SYSTEM32\igdusc64.dll
0x00007fffa1e20000 - 0x00007fffa1e33000 	C:\WINDOWS\SYSTEM32\WTSAPI32.dll
0x00007fffa0350000 - 0x00007fffa03d2000 	C:\WINDOWS\System32\TextInputFramework.dll
0x00007fffa0010000 - 0x00007fffa02e2000 	C:\WINDOWS\System32\CoreUIComponents.dll
0x00007fffa3180000 - 0x00007fffa3263000 	C:\WINDOWS\System32\CoreMessaging.dll
0x00007fffa42a0000 - 0x00007fffa42d1000 	C:\WINDOWS\SYSTEM32\ntmarta.dll
0x00007fffa0ed0000 - 0x00007fffa1009000 	C:\WINDOWS\SYSTEM32\wintypes.dll
0x00007fffa1df0000 - 0x00007fffa1e05000 	C:\WINDOWS\SYSTEM32\usermgrcli.dll
0x00007fff8d7e0000 - 0x00007fff8d83f000 	C:\Users\Mattijn\AppData\Local\Temp\lwjglMattijn\3.1.5-build-1\lwjgl_opengl.dll
0x00007fffa4360000 - 0x00007fffa43b5000 	C:\WINDOWS\SYSTEM32\WINSTA.dll
0x00007fff94400000 - 0x00007fff945a9000 	C:\WINDOWS\SYSTEM32\dbghelp.dll

VM Arguments:
jvm_args: -javaagent:C:\Program Files\JetBrains\IntelliJ IDEA Community Edition 2017.2.1\lib\idea_rt.jar=54026:C:\Program Files\JetBrains\IntelliJ IDEA Community Edition 2017.2.1\bin -Dfile.encoding=UTF-8 
java_command: display.Screen
java_class_path (initial): C:\Users\Mattijn\IdeaProjects\LWJGLEngine\target\classes;C:\Users\Mattijn\.m2\repository\org\lwjgl\lwjgl\3.1.5\lwjgl-3.1.5.jar;C:\Users\Mattijn\.m2\repository\org\lwjgl\lwjgl-assimp\3.1.5\lwjgl-assimp-3.1.5.jar;C:\Users\Mattijn\.m2\repository\org\lwjgl\lwjgl-glfw\3.1.5\lwjgl-glfw-3.1.5.jar;C:\Users\Mattijn\.m2\repository\org\lwjgl\lwjgl-openal\3.1.5\lwjgl-openal-3.1.5.jar;C:\Users\Mattijn\.m2\repository\org\lwjgl\lwjgl-opengl\3.1.5\lwjgl-opengl-3.1.5.jar;C:\Users\Mattijn\.m2\repository\org\lwjgl\lwjgl-stb\3.1.5\lwjgl-stb-3.1.5.jar;C:\Users\Mattijn\.m2\repository\org\lwjgl\lwjgl\3.1.5\lwjgl-3.1.5-natives-windows.jar;C:\Users\Mattijn\.m2\repository\org\lwjgl\lwjgl-assimp\3.1.5\lwjgl-assimp-3.1.5-natives-windows.jar;C:\Users\Mattijn\.m2\repository\org\lwjgl\lwjgl-glfw\3.1.5\lwjgl-glfw-3.1.5-natives-windows.jar;C:\Users\Mattijn\.m2\repository\org\lwjgl\lwjgl-openal\3.1.5\lwjgl-openal-3.1.5-natives-windows.jar;C:\Users\Mattijn\.m2\repository\org\lwjgl\lwjgl-opengl\3.1.5\lwjgl-opengl-3.1.5-natives-windows.jar;C:\Users\Mattijn\.m2\repository\org\lwjgl\lwjgl-stb\3.1.5\lwjgl-stb-3.1.5-natives-windows.jar
Launcher Type: SUN_STANDARD

Logging:
Log output configuration:
#0: stdout all=warning uptime,level,tags
#1: stderr all=off uptime,level,tags

Environment Variables:
PATH=C:\ProgramData\Oracle\Java\javapath;C:\WINDOWS\system32;C:\WINDOWS;C:\WINDOWS\System32\Wbem;C:\WINDOWS\System32\WindowsPowerShell\v1.0\;C:\Program Files\Microsoft SQL Server\130\Tools\Binn\;C:\Program Files\Git\cmd;C:\Program Files\Microsoft\Web Platform Installer\;C:\Program Files\dotnet\;C:\Program Files\Microsoft DNX\Dnvm\;C:\Program Files (x86)\Microsoft SQL Server\110\DTS\Binn\;C:\Program Files (x86)\Microsoft SQL Server\120\DTS\Binn\;C:\Program Files (x86)\Microsoft SQL Server\130\DTS\Binn\;C:\Program Files (x86)\Calibre2\;C:\Program Files\nodejs\;C:\Program Files\Java\jdk1.8.0_144\bin\;C:\Program Files (x86)\sbt\bin;C:\Users\Mattijn\AppData\Local\Programs\Python\Python36-32\Scripts\;C:\Users\Mattijn\AppData\Local\Programs\Python\Python36-32\;C:\Program Files (x86)\Microsoft VS Code\bin;C:\Users\Mattijn\AppData\Local\atom\bin;C:\Users\Mattijn\AppData\Local\Microsoft\WindowsApps;C:\Python27;C:\Users\Mattijn\AppData\Roaming\npm;
USERNAME=Mattijn
OS=Windows_NT
PROCESSOR_IDENTIFIER=Intel64 Family 6 Model 61 Stepping 4, GenuineIntel



---------------  S Y S T E M  ---------------

OS: Windows 10 , 64 bit Build 15063 (10.0.15063.296)

CPU:total 4 (initial active 4) (2 cores per cpu, 2 threads per core) family 6 model 61 stepping 4, cmov, cx8, fxsr, mmx, sse, sse2, sse3, ssse3, sse4.1, sse4.2, popcnt, avx, avx2, aes, clmul, erms, 3dnowpref, lzcnt, ht, tsc, tscinvbit, bmi1, bmi2, adx, fma

Memory: 4k page, physical 16649324k(9210004k free), swap 19139692k(6952724k free)

vm_info: Java HotSpot(TM) 64-Bit Server VM (9.0.1+11) for windows-amd64 JRE (9.0.1+11), built on Sep 28 2017 04:54:03 by "mach5one" with MS VC++ 12.0 (VS2013)

END.
